[debug] [2022-01-02T13:11:03.897Z] ----------------------------------------------------------------------
[debug] [2022-01-02T13:11:03.899Z] Command:       /home/wolfe/.volta/tools/image/node/16.13.1/bin/node /home/wolfe/.work/personal/grounds.gg/node_modules/.bin/firebase emulators:start
[debug] [2022-01-02T13:11:03.900Z] CLI Version:   9.23.3
[debug] [2022-01-02T13:11:03.901Z] Platform:      linux
[debug] [2022-01-02T13:11:03.901Z] Node Version:  v16.13.1
[debug] [2022-01-02T13:11:03.903Z] Time:          Sun Jan 02 2022 13:11:03 GMT+0000 (Greenwich Mean Time)
[debug] [2022-01-02T13:11:03.903Z] ----------------------------------------------------------------------
[debug] 
[debug] [2022-01-02T13:11:03.983Z] > command requires scopes: ["email","openid","https://www.googleapis.com/auth/cloudplatformprojects.readonly","https://www.googleapis.com/auth/firebase","https://www.googleapis.com/auth/cloud-platform"]
[debug] [2022-01-02T13:11:03.984Z] > authorizing via signed-in user (alan.ws.private@gmail.com)
[info] i  emulators: Starting emulators: auth, functions, firestore {"metadata":{"emulator":{"name":"hub"},"message":"Starting emulators: auth, functions, firestore"}}
[debug] [2022-01-02T13:11:04.021Z] [hub] writing locator at /tmp/hub-grounds-1cfae.json
[warn] ⚠  functions: The following emulators are not running, calls to these services from the Functions emulator will affect production: database, hosting, pubsub, storage {"metadata":{"emulator":{"name":"functions"},"message":"The following emulators are not running, calls to these services from the Functions emulator will affect production: \u001b[1mdatabase, hosting, pubsub, storage\u001b[22m"}}
[info] ✔  functions: Using node@16 from host. {"metadata":{"emulator":{"name":"functions"},"message":"Using node@16 from host."}}
[debug] [2022-01-02T13:11:04.081Z] defaultcredentials: writing to file /home/wolfe/.config/firebase/alan_ws.private_gmail.com_application_default_credentials.json
[debug] [2022-01-02T13:11:04.088Z] Setting GAC to /home/wolfe/.config/firebase/alan_ws.private_gmail.com_application_default_credentials.json {"metadata":{"emulator":{"name":"functions"},"message":"Setting GAC to /home/wolfe/.config/firebase/alan_ws.private_gmail.com_application_default_credentials.json"}}
[debug] [2022-01-02T13:11:04.091Z] >>> [apiv2][query] GET https://firebase.googleapis.com/v1beta1/projects/grounds-1cfae/adminSdkConfig [none]
[debug] [2022-01-02T13:11:04.411Z] <<< [apiv2][status] GET https://firebase.googleapis.com/v1beta1/projects/grounds-1cfae/adminSdkConfig 200
[debug] [2022-01-02T13:11:04.411Z] <<< [apiv2][body] GET https://firebase.googleapis.com/v1beta1/projects/grounds-1cfae/adminSdkConfig {"projectId":"grounds-1cfae","storageBucket":"grounds-1cfae.appspot.com","locationId":"europe-west"}
[debug] [2022-01-02T13:11:04.434Z] Ignoring unsupported arg: projectId {"metadata":{"emulator":{"name":"firestore"},"message":"Ignoring unsupported arg: projectId"}}
[debug] [2022-01-02T13:11:04.435Z] Ignoring unsupported arg: auto_download {"metadata":{"emulator":{"name":"firestore"},"message":"Ignoring unsupported arg: auto_download"}}
[debug] [2022-01-02T13:11:04.435Z] Starting Firestore Emulator with command {"binary":"java","args":["-Dgoogle.cloud_firestore.debug_log_level=FINE","-Duser.language=en","-jar","/home/wolfe/.cache/firebase/emulators/cloud-firestore-emulator-v1.13.1.jar","--host","localhost","--port",8080,"--rules","/home/wolfe/.work/personal/grounds.gg/firestore.rules","--functions_emulator","localhost:5001"],"optionalArgs":["port","webchannel_port","host","rules","functions_emulator","seed_from_export"],"joinArgs":false} {"metadata":{"emulator":{"name":"firestore"},"message":"Starting Firestore Emulator with command {\"binary\":\"java\",\"args\":[\"-Dgoogle.cloud_firestore.debug_log_level=FINE\",\"-Duser.language=en\",\"-jar\",\"/home/wolfe/.cache/firebase/emulators/cloud-firestore-emulator-v1.13.1.jar\",\"--host\",\"localhost\",\"--port\",8080,\"--rules\",\"/home/wolfe/.work/personal/grounds.gg/firestore.rules\",\"--functions_emulator\",\"localhost:5001\"],\"optionalArgs\":[\"port\",\"webchannel_port\",\"host\",\"rules\",\"functions_emulator\",\"seed_from_export\"],\"joinArgs\":false}"}}
[info] i  firestore: Firestore Emulator logging to firestore-debug.log {"metadata":{"emulator":{"name":"firestore"},"message":"Firestore Emulator logging to \u001b[1mfirestore-debug.log\u001b[22m"}}
[debug] [2022-01-02T13:11:06.283Z] Jan 02, 2022 1:11:06 PM com.google.cloud.datastore.emulator.firestore.websocket.WebSocketServer start
INFO: Started WebSocket server on ws://localhost:37953
 {"metadata":{"emulator":{"name":"firestore"},"message":"Jan 02, 2022 1:11:06 PM com.google.cloud.datastore.emulator.firestore.websocket.WebSocketServer start\nINFO: Started WebSocket server on ws://localhost:37953\n"}}
[debug] [2022-01-02T13:11:06.326Z] API endpoint: http:// {"metadata":{"emulator":{"name":"firestore"},"message":"API endpoint: http://"}}
[debug] [2022-01-02T13:11:06.327Z] localhost:8080
If you are using a library that supports the FIRESTORE_EMULATOR_HOST environment variable, run:

   export FIRESTORE_EMULATOR_HOST=localhost:8080

Dev App Server is now running.

 {"metadata":{"emulator":{"name":"firestore"},"message":"localhost:8080\nIf you are using a library that supports the FIRESTORE_EMULATOR_HOST environment variable, run:\n\n   export FIRESTORE_EMULATOR_HOST=localhost:8080\n\nDev App Server is now running.\n\n"}}
[debug] [2022-01-02T13:11:12.214Z] Ignoring unsupported arg: auto_download {"metadata":{"emulator":{"name":"ui"},"message":"Ignoring unsupported arg: auto_download"}}
[debug] [2022-01-02T13:11:12.214Z] Ignoring unsupported arg: port {"metadata":{"emulator":{"name":"ui"},"message":"Ignoring unsupported arg: port"}}
[debug] [2022-01-02T13:11:12.215Z] Starting Emulator UI with command {"binary":"node","args":["/home/wolfe/.cache/firebase/emulators/ui-v1.6.4/server.bundle.js"],"optionalArgs":[],"joinArgs":false} {"metadata":{"emulator":{"name":"ui"},"message":"Starting Emulator UI with command {\"binary\":\"node\",\"args\":[\"/home/wolfe/.cache/firebase/emulators/ui-v1.6.4/server.bundle.js\"],\"optionalArgs\":[],\"joinArgs\":false}"}}
[info] i  ui: Emulator UI logging to ui-debug.log {"metadata":{"emulator":{"name":"ui"},"message":"Emulator UI logging to \u001b[1mui-debug.log\u001b[22m"}}
[debug] [2022-01-02T13:11:12.371Z] Web / API server started at localhost:4000
 {"metadata":{"emulator":{"name":"ui"},"message":"Web / API server started at localhost:4000\n"}}
[info] i  functions: Watching "/home/wolfe/.work/personal/grounds.gg/functions" for Cloud Functions... {"metadata":{"emulator":{"name":"functions"},"message":"Watching \"/home/wolfe/.work/personal/grounds.gg/functions\" for Cloud Functions..."}}
[debug] [2022-01-02T13:11:12.499Z] [worker-pool] addWorker(~diagnostic~) {"metadata":{"emulator":{"name":"functions"},"message":"[worker-pool] addWorker(~diagnostic~)"}}
[debug] [2022-01-02T13:11:12.500Z] [worker-pool] Adding worker with key ~diagnostic~, total=1 {"metadata":{"emulator":{"name":"functions"},"message":"[worker-pool] Adding worker with key ~diagnostic~, total=1"}}
[debug] [2022-01-02T13:11:12.500Z] [worker-pool] submitWork(triggerId=) {"metadata":{"emulator":{"name":"functions"},"message":"[worker-pool] submitWork(triggerId=)"}}
[debug] [2022-01-02T13:11:12.501Z] [worker-~diagnostic~-f95b89ca-ecd3-44e3-bb31-8c1f46c18613]: Assigning socketPath: /tmp/fire_emu_4008.sock {"metadata":{"emulator":{"name":"functions"},"message":"[worker-~diagnostic~-f95b89ca-ecd3-44e3-bb31-8c1f46c18613]: Assigning socketPath: /tmp/fire_emu_4008.sock"}}
[debug] [2022-01-02T13:11:12.502Z] [worker-~diagnostic~-f95b89ca-ecd3-44e3-bb31-8c1f46c18613]: BUSY {"metadata":{"emulator":{"name":"functions"},"message":"[worker-~diagnostic~-f95b89ca-ecd3-44e3-bb31-8c1f46c18613]: BUSY"}}
[debug] [2022-01-02T13:11:12.686Z] [runtime-status] [4008] Functions runtime initialized. {"cwd":"/home/wolfe/.work/personal/grounds.gg/functions","node_version":"16.13.1"} {"metadata":{"emulator":{"name":"functions"},"message":"[runtime-status] [4008] Functions runtime initialized. {\"cwd\":\"/home/wolfe/.work/personal/grounds.gg/functions\",\"node_version\":\"16.13.1\"}"}}
[debug] [2022-01-02T13:11:12.688Z] [runtime-status] [4008] Disabled runtime features: undefined {"metadata":{"emulator":{"name":"functions"},"message":"[runtime-status] [4008] Disabled runtime features: undefined"}}
[debug] [2022-01-02T13:11:12.693Z] [runtime-status] [4008] Resolved module firebase-admin {"declared":true,"installed":true,"version":"9.12.0","resolution":"/home/wolfe/.work/personal/grounds.gg/functions/node_modules/firebase-admin/lib/index.js"} {"metadata":{"emulator":{"name":"functions"},"message":"[runtime-status] [4008] Resolved module firebase-admin {\"declared\":true,\"installed\":true,\"version\":\"9.12.0\",\"resolution\":\"/home/wolfe/.work/personal/grounds.gg/functions/node_modules/firebase-admin/lib/index.js\"}"}}
[debug] [2022-01-02T13:11:12.700Z] [runtime-status] [4008] Resolved module firebase-functions {"declared":true,"installed":true,"version":"3.16.0","resolution":"/home/wolfe/.work/personal/grounds.gg/functions/node_modules/firebase-functions/lib/index.js"} {"metadata":{"emulator":{"name":"functions"},"message":"[runtime-status] [4008] Resolved module firebase-functions {\"declared\":true,\"installed\":true,\"version\":\"3.16.0\",\"resolution\":\"/home/wolfe/.work/personal/grounds.gg/functions/node_modules/firebase-functions/lib/index.js\"}"}}
[debug] [2022-01-02T13:11:12.705Z] [runtime-status] [4008] Outgoing network have been stubbed. [{"name":"http","status":"mocked"},{"name":"http","status":"mocked"},{"name":"https","status":"mocked"},{"name":"https","status":"mocked"},{"name":"net","status":"mocked"}] {"metadata":{"emulator":{"name":"functions"},"message":"[runtime-status] [4008] Outgoing network have been stubbed. [{\"name\":\"http\",\"status\":\"mocked\"},{\"name\":\"http\",\"status\":\"mocked\"},{\"name\":\"https\",\"status\":\"mocked\"},{\"name\":\"https\",\"status\":\"mocked\"},{\"name\":\"net\",\"status\":\"mocked\"}]"}}
[debug] [2022-01-02T13:11:12.707Z] [runtime-status] [4008] Resolved module firebase-functions {"declared":true,"installed":true,"version":"3.16.0","resolution":"/home/wolfe/.work/personal/grounds.gg/functions/node_modules/firebase-functions/lib/index.js"} {"metadata":{"emulator":{"name":"functions"},"message":"[runtime-status] [4008] Resolved module firebase-functions {\"declared\":true,\"installed\":true,\"version\":\"3.16.0\",\"resolution\":\"/home/wolfe/.work/personal/grounds.gg/functions/node_modules/firebase-functions/lib/index.js\"}"}}
[debug] [2022-01-02T13:11:12.774Z] [runtime-status] [4008] Checked functions.config() {"config":{}} {"metadata":{"emulator":{"name":"functions"},"message":"[runtime-status] [4008] Checked functions.config() {\"config\":{}}"}}
[debug] [2022-01-02T13:11:12.775Z] [runtime-status] [4008] firebase-functions has been stubbed. {"functionsResolution":{"declared":true,"installed":true,"version":"3.16.0","resolution":"/home/wolfe/.work/personal/grounds.gg/functions/node_modules/firebase-functions/lib/index.js"}} {"metadata":{"emulator":{"name":"functions"},"message":"[runtime-status] [4008] firebase-functions has been stubbed. {\"functionsResolution\":{\"declared\":true,\"installed\":true,\"version\":\"3.16.0\",\"resolution\":\"/home/wolfe/.work/personal/grounds.gg/functions/node_modules/firebase-functions/lib/index.js\"}}"}}
[debug] [2022-01-02T13:11:12.777Z] [runtime-status] [4008] Resolved module firebase-functions {"declared":true,"installed":true,"version":"3.16.0","resolution":"/home/wolfe/.work/personal/grounds.gg/functions/node_modules/firebase-functions/lib/index.js"} {"metadata":{"emulator":{"name":"functions"},"message":"[runtime-status] [4008] Resolved module firebase-functions {\"declared\":true,\"installed\":true,\"version\":\"3.16.0\",\"resolution\":\"/home/wolfe/.work/personal/grounds.gg/functions/node_modules/firebase-functions/lib/index.js\"}"}}
[debug] [2022-01-02T13:11:12.779Z] [runtime-status] [4008] Resolved module firebase-admin {"declared":true,"installed":true,"version":"9.12.0","resolution":"/home/wolfe/.work/personal/grounds.gg/functions/node_modules/firebase-admin/lib/index.js"} {"metadata":{"emulator":{"name":"functions"},"message":"[runtime-status] [4008] Resolved module firebase-admin {\"declared\":true,\"installed\":true,\"version\":\"9.12.0\",\"resolution\":\"/home/wolfe/.work/personal/grounds.gg/functions/node_modules/firebase-admin/lib/index.js\"}"}}
[debug] [2022-01-02T13:11:12.782Z] [runtime-status] [4008] Resolved module firebase-functions {"declared":true,"installed":true,"version":"3.16.0","resolution":"/home/wolfe/.work/personal/grounds.gg/functions/node_modules/firebase-functions/lib/index.js"} {"metadata":{"emulator":{"name":"functions"},"message":"[runtime-status] [4008] Resolved module firebase-functions {\"declared\":true,\"installed\":true,\"version\":\"3.16.0\",\"resolution\":\"/home/wolfe/.work/personal/grounds.gg/functions/node_modules/firebase-functions/lib/index.js\"}"}}
[debug] [2022-01-02T13:11:12.782Z] [runtime-status] [4008] firebase-admin has been stubbed. {"adminResolution":{"declared":true,"installed":true,"version":"9.12.0","resolution":"/home/wolfe/.work/personal/grounds.gg/functions/node_modules/firebase-admin/lib/index.js"}} {"metadata":{"emulator":{"name":"functions"},"message":"[runtime-status] [4008] firebase-admin has been stubbed. {\"adminResolution\":{\"declared\":true,\"installed\":true,\"version\":\"9.12.0\",\"resolution\":\"/home/wolfe/.work/personal/grounds.gg/functions/node_modules/firebase-admin/lib/index.js\"}}"}}
[debug] [2022-01-02T13:11:12.786Z] [runtime-status] [4008] initializeApp(DEFAULT) {"storageBucket":"grounds-1cfae.appspot.com","projectId":"grounds-1cfae"} {"metadata":{"emulator":{"name":"functions"},"message":"[runtime-status] [4008] initializeApp(DEFAULT) {\"storageBucket\":\"grounds-1cfae.appspot.com\",\"projectId\":\"grounds-1cfae\"}"}}
[info] ✔  functions[us-central1-storeProfile]: http function initialized (http://localhost:5001/grounds-1cfae/us-central1/storeProfile). {"metadata":{"emulator":{"name":"functions"},"message":"\u001b[1mhttp\u001b[22m function initialized (http://localhost:5001/grounds-1cfae/us-central1/storeProfile)."}}
[info] 
┌─────────────────────────────────────────────────────────────┐
│ ✔  All emulators ready! It is now safe to connect your app. │
│ i  View Emulator UI at http://localhost:4000                │
└─────────────────────────────────────────────────────────────┘

┌────────────────┬────────────────┬─────────────────────────────────┐
│ Emulator       │ Host:Port      │ View in Emulator UI             │
├────────────────┼────────────────┼─────────────────────────────────┤
│ Authentication │ localhost:9099 │ http://localhost:4000/auth      │
├────────────────┼────────────────┼─────────────────────────────────┤
│ Functions      │ localhost:5001 │ http://localhost:4000/functions │
├────────────────┼────────────────┼─────────────────────────────────┤
│ Firestore      │ localhost:8080 │ http://localhost:4000/firestore │
└────────────────┴────────────────┴─────────────────────────────────┘
  Emulator Hub running at localhost:4400
  Other reserved ports: 4500

Issues? Report them at https://github.com/firebase/firebase-tools/issues and attach the *-debug.log files.
 
[debug] [2022-01-02T13:11:12.832Z] [worker-~diagnostic~-f95b89ca-ecd3-44e3-bb31-8c1f46c18613]: IDLE {"metadata":{"emulator":{"name":"functions"},"message":"[worker-~diagnostic~-f95b89ca-ecd3-44e3-bb31-8c1f46c18613]: IDLE"}}
